<?xml version="1.0" encoding="UTF-8"?>
<testng-results ignored="0" total="1" passed="1" failed="0" skipped="0">
  <reporter-output>
  </reporter-output>
  <suite started-at="2022-06-18T22:56:23 AST" name="Default suite" finished-at="2022-06-18T22:59:19 AST" duration-ms="175170">
    <groups>
    </groups>
    <test started-at="2022-06-18T22:56:23 AST" name="Default test" finished-at="2022-06-18T22:59:19 AST" duration-ms="175170">
      <class name="Demo.Test4">
        <test-method is-config="true" signature="setUp()[pri:0, instance:Demo.Test4@58cbafc2]" started-at="2022-06-18T22:56:24 AST" name="setUp" finished-at="2022-06-18T22:57:05 AST" duration-ms="41167" status="PASS">
          <reporter-output>
          </reporter-output>
        </test-method> <!-- setUp -->
        <test-method signature="test4()[pri:0, instance:Demo.Test4@58cbafc2]" started-at="2022-06-18T22:57:05 AST" name="test4" finished-at="2022-06-18T22:59:16 AST" duration-ms="131107" status="PASS">
          <reporter-output>
          </reporter-output>
        </test-method> <!-- test4 -->
        <test-method is-config="true" signature="tearDown()[pri:0, instance:Demo.Test4@58cbafc2]" started-at="2022-06-18T22:59:16 AST" name="tearDown" finished-at="2022-06-18T22:59:19 AST" duration-ms="2557" status="PASS">
          <reporter-output>
          </reporter-output>
        </test-method> <!-- tearDown -->
      </class> <!-- Demo.Test4 -->
    </test> <!-- Default test -->
  </suite> <!-- Default suite -->
</testng-results>
