<?xml version="1.0" encoding="UTF-8"?>
<!-- Generated by org.testng.reporters.JUnitXMLReporter -->
<testsuite ignored="2" hostname="DESKTOP-JARKCNU" failures="1" tests="6" name="Default test(failed)" time="1.194" errors="0" timestamp="2022-06-16T22:54:30 AST">
  <testcase classname="Demo.TestNGretryfaileddemo" name="test3" time="0.074">
    <skipped/>
  </testcase> <!-- test3 -->
  <testcase classname="Demo.TestNGretryfaileddemo" name="test3" time="0.019">
    <skipped/>
  </testcase> <!-- test3 -->
  <testcase classname="Demo.TestNGretryfaileddemo" name="test3" time="0.012">
    <skipped/>
  </testcase> <!-- test3 -->
  <testcase classname="Demo.TestNGretryfaileddemo" name="test3" time="0.011">
    <skipped/>
  </testcase> <!-- test3 -->
  <testcase classname="Demo.TestNGretryfaileddemo" name="test3" time="0.004">
    <skipped/>
  </testcase> <!-- test3 -->
  <testcase classname="Demo.TestNGretryfaileddemo" name="test3" time="0.006">
    <failure type="java.lang.ArithmeticException" message="/ by zero">
      <![CDATA[java.lang.ArithmeticException: / by zero
at Demo.TestNGretryfaileddemo.test3(TestNGretryfaileddemo.java:20)
at java.base/java.util.ArrayList.forEach(ArrayList.java:1541)
... Removed 27 stack frames]]>
    </failure>
  </testcase> <!-- test3 -->
  <testcase classname="Demo.TestNGretryfaileddemo" name="test1" time="0.0">
    <ignored/>
  </testcase> <!-- test1 -->
  <testcase classname="Demo.TestNGretryfaileddemo" name="test2" time="0.0">
    <ignored/>
  </testcase> <!-- test2 -->
</testsuite> <!-- Default test(failed) -->
